Adding variable N with parameters 5
Adding variable FF with parameters nerd
Adding variable seed with parameters 3467
Adding variable nmols with parameters 500
Adding variable rho with parameters 0.6
Adding variable temp with parameters 180
Adding mass CH4 with parameters 16.04242
Adding mass CH3 with parameters 15.03450
Adding mass CH2 with parameters 14.02658
Including file nerd.mol
Adding variable cutoff with parameters 13.8
Adding variable L with parameters 1.54
Adding variable theta with parameters 114
Adding variable phi with parameters 180
Adding variable kB with parameters 1.987E-3
Adding diameter CH4 with parameters 3.730
Adding diameter CH3 with parameters 3.910
Adding diameter CH2 with parameters 3.730
Adding atom type CH2 with parameters lj/cut 9.1004599999999991E-002 3.930 13.8
Adding atom type CH3 with parameters lj/cut 0.20664800000000000 3.910 13.8
Adding atom type CH4 with parameters lj/cut 0.29407600000000000 3.730 13.8
Adding bond type CH? CH? with parameters harmonic 95.872749999999996 1.54
Adding angle type CH? CH? CH? with parameters harmonic 62.093750000000000 114
Adding dihedral type CH? CH? CH? CH? with parameters opls 1.4109289600000001 -0.27098706000000000 2.7870456800000003 0.0
Adding atom C1 with parameters CH3
Adding molecule C1 with parameters 1
Adding variable i with parameters 2
Adding atom C2 with parameters CH2
Adding molecule C2 with parameters 2
Adding bond C2 C1
Fusing molecule 2 to molecule 1
Lowering indices of molecules 3 to 2
Redefining variable i as 3
Adding atom C3 with parameters CH2
Adding molecule C3 with parameters 2
Adding bond C3 C2
Fusing molecule 2 to molecule 1
Lowering indices of molecules 3 to 2
Adding angle C1 C2 C3
Redefining variable i as 4
Adding atom C4 with parameters CH2
Adding molecule C4 with parameters 2
Adding bond C4 C3
Fusing molecule 2 to molecule 1
Lowering indices of molecules 3 to 2
Adding angle C2 C3 C4
Adding dihedral C1 C2 C3 C4
Adding atom C5 with parameters CH3
Adding molecule C5 with parameters 2
Adding bond C5 C4
Fusing molecule 2 to molecule 1
Lowering indices of molecules 3 to 2
Adding angle C3 C4 C5
Adding dihedral C2 C3 C4 C5
Reading geometric data...
Number of data to be read: 5
1 : C1 0 0 0
2 : C2 C1 1.54
3 : C3 C2 1.54 C1 114
Redefining variable i as 4
4 : C4 C3 1.54 C2 114 C1 180
Redefining variable i as 5
5 : C5 C4 1.54 C3 114 C2 180
Number of provided geometric data: 5
Processing 5 geometric data for molecule 1:
Data provided for atom C1 : 0 0 0
Adding coordinate C1 with parameters 0.0000000000000000 0.0000000000000000 0.0000000000000000
Data provided for atom C2 : C1 1.54
Adding coordinate C2 with parameters 1.5400000000000000 0.0000000000000000 0.0000000000000000
Data provided for atom C3 : C2 1.54 C1 114
Adding coordinate C3 with parameters 2.1663744303367323 1.4068600047696054 0.0000000000000000
Data provided for atom C4 : C3 1.54 C2 114 C1 180
Adding coordinate C4 with parameters 3.7063744303367323 1.4068600047696054 1.7229066016895275E-016
Data provided for atom C5 : C4 1.54 C3 114 C2 180
Adding coordinate C5 with parameters 4.3327488606734645 2.8137200095392108 0.0000000000000000
Defining box density as 0.36132839999999999
Aligning molecule mol(C1) with axes x and y
Bounds in direction x: 0.0000000000000000 4.3327488606734645
Bounds in direction y: 0.0000000000000000 2.8137200095392108
Bounds in direction z: 0.0000000000000000 1.7229066016895275E-016
Bounding box lengths: 4.3327488606734645 2.8137200095392108 1.7229066016895275E-016
--> New bounds in direction x: -2.5831053492719058 2.5831053492719063
--> New bounds in direction y: -0.50324646835388531 0.33549764556925732
--> New bounds in direction z: -6.8916264067577418E-017 6.8916264067584949E-017
--> New bounding box lengths: 5.1662106985438125 0.83874411392314263 1.3783252813516235E-016
Setting packmol seed to 3467
Setting packmol retry parameter to 0.95
Adding packmol option copy with parameters mol(C1) 500
Packmol invoked with action <execute>
Box lengths are 46.390838158302152 46.390838158302152 46.390838158302152
Executing Packmol with scaling factor 1.0000000000000000. Please wait...
Deleting coordinate list...
Deleting coordinate C1
Deleting coordinate C2
Deleting coordinate C3
Deleting coordinate C4
Deleting coordinate C5
Packmol converged with scaling factor 1.0000000000000000
Writing data to file C5_nerd.lmp in lmp/models format...
2 atom types
1 bond types
1 angle types
1 dihedral types
2500 atoms
2000 bonds
1500 angles
1000 dihedrals
Writing data to file C5_nerd.lammpstrj in lammpstrj format...
Writing data to file C5_nerd.xyz in xyz format...
Writing data in summary format...
--------------------------------------------------------------------------------
SUMMARY
--------------------------------------------------------------------------------
Specified:
    3 atom types.
    1 bond type.
    1 angle type.
    1 dihedral type.
    5 atoms.
    4 bonds.

Detected:
    3 angles.
    2 dihedrals.
    1 molecule.

Effectively used:
    2 atom types.
    1 bond type.
    1 angle type.
    1 dihedral type.

Molecule[1]:
- Amount: 500
- Mass: 72.148739999999989
- Charge: 0.0000000000000000
- Number of atoms: 5
- Atoms: C1 C2 C3 C4 C5

System:
- Molecules: 500
- Total mass: 36074.369999999995
- Box lengths: 46.390838158302152 46.390838158302152 46.390838158302152
- Box density: 0.36132839999999999
- Residual charge: 0.0000000000000000
--------------------------------------------------------------------------------
