Including file forcefield.mol
Adding mass N* with parameters 14.007
Adding mass C* with parameters 12.011
Adding mass H* with parameters 1.008
Adding mass F* with parameters 0
Adding mass S* with parameters 0
Adding mass O* with parameters 0
Adding atom type NA with parameters 0.1700 3.2500
Adding atom type CR with parameters 0.0700 3.5500
Adding atom type CW with parameters 0.0700 3.5500
Adding atom type CT with parameters 0.0660 3.5000
Adding atom type HA with parameters 0.0300 2.4200
Adding atom type HC with parameters 0.0300 2.5000
Adding bond type CR NA with parameters 477.1 1.315
Adding bond type CW NA with parameters 427.1 1.378
Adding bond type CW CW with parameters 520.1 1.341
Adding bond type NA CT with parameters 337.0 1.466
Adding bond type C? HA with parameters 340.0 1.080
Adding bond type CT HC with parameters 340.0 1.090
Adding bond type CT CT with parameters 267.9 1.529
Adding angle type CT CT CT with parameters 58.35 112.7
Adding angle type CT CT HC with parameters 37.50 110.7
Adding angle type HC CT HC with parameters 32.99 107.8
Adding angle type CW NA CR with parameters 70.00 108.0
Adding angle type CW NA CT with parameters 70.00 125.6
Adding angle type CR NA CT with parameters 70.00 126.4
Adding angle type NA CR HA with parameters 35.00 125.1
Adding angle type NA CR NA with parameters 70.00 109.8
Adding angle type NA CW CW with parameters 70.00 107.1
Adding angle type NA CW HA with parameters 35.00 122.0
Adding angle type CW CW HA with parameters 35.00 130.9
Adding angle type NA CT HC with parameters 37.50 110.7
Adding angle type NA CT CT with parameters 58.35 112.7
Adding angle type CT CR NA with parameters 70.00 125.8
Adding angle type CR CT HC with parameters 37.50 110.7
Adding dihedral type HC CT CT HC with parameters 0.0000 0.0000 0.3180 0.0000
Adding dihedral type CT CT CT HC with parameters 0.0000 0.0000 0.3660 0.0000
Adding dihedral type CT CT CT CT with parameters 1.7400 -0.1570 0.2790 0.0000
Adding dihedral type C? NA CR * with parameters 0.0000 4.6511 0.0000 0.0000
Adding dihedral type C? NA CW * with parameters 0.0000 2.9995 0.0000 0.0000
Adding dihedral type ?A CW CW ?A with parameters 0.0000 10.7505 0.0000 0.0000
Adding dihedral type CW NA CT HC with parameters 0.0000 0.0000 0.1240 0.0000
Adding dihedral type CW NA CT CT with parameters -1.7097 1.4595 0.1897 0.0000
Adding dihedral type CR NA CT CT with parameters -1.2593 0.0000 0.0000 0.0000
Adding dihedral type NA CT CT CT with parameters -1.7877 0.7563 -0.2874 0.0000
Adding dihedral type NA CT CT HC with parameters 0.0000 0.0000 0.0877 0.0000
Adding improper type C? C? NA CT with parameters 0.0000 2.0005 0.0000 0.0000
Adding improper type * * C? * with parameters 0.0000 2.1989 0.0000 0.0000
Adding charge C1* with parameters -0.17
Adding charge C2* with parameters 0.01
Adding charge CE* with parameters -0.05
Adding charge CS* with parameters -0.12
Adding charge CT* with parameters -0.18
Adding charge CR* with parameters -0.11
Adding charge CW* with parameters -0.13
Adding charge HA* with parameters 0.21
Adding charge HC* with parameters 0.06
Adding charge H1* with parameters 0.13
Adding charge NA* with parameters 0.15
Adding atom type CF with parameters 0.0660 3.5000
Adding atom type FB with parameters 0.0530 2.9500
Adding atom type SB with parameters 0.2500 3.5500
Adding atom type NB with parameters 0.1700 3.2500
Adding atom type OB with parameters 0.2100 2.9600
Adding bond type FB CF with parameters 441.9 1.323
Adding bond type CF SB with parameters 233.0 1.818
Adding bond type NB SB with parameters 374.9 1.570
Adding bond type SB OB with parameters 637.1 1.437
Adding angle type FB CF FB with parameters 93.33 107.10
Adding angle type FB CF SB with parameters 82.93 111.70
Adding angle type NB SB CF with parameters 91.30 103.50
Adding angle type CF SB OB with parameters 103.97 102.60
Adding angle type NB SB OB with parameters 94.29 113.60
Adding angle type OB SB OB with parameters 115.80 118.50
Adding angle type SB NB SB with parameters 80.19 125.60
Adding dihedral type NB SB CF FB with parameters 0.0000 0.0000 0.3160 0.0000
Adding dihedral type OB SB CF FB with parameters 0.0000 0.0000 0.3468 0.0000
Adding dihedral type SB NB SB CF with parameters 7.8329 -2.4904 -0.7636 0.0000
Adding dihedral type OB SB NB SB with parameters 0.0000 0.0000 -0.0036 0.0000
Adding charge FB* with parameters -0.16
Adding charge CF* with parameters 0.35
Adding charge SB* with parameters 1.02
Adding charge OB* with parameters -0.53
Adding charge NB* with parameters -0.66
Including file emim.mol
Adding atom NA1 with parameters NA
Adding molecule NA1 with parameters 1
Adding atom CR with parameters CR
Adding molecule CR with parameters 2
Adding atom NA2 with parameters NA
Adding molecule NA2 with parameters 3
Adding atom CW1 with parameters CW
Adding molecule CW1 with parameters 4
Adding atom CW2 with parameters CW
Adding molecule CW2 with parameters 5
Adding atom HAR with parameters HA
Adding molecule HAR with parameters 6
Adding atom HA1 with parameters HA
Adding molecule HA1 with parameters 7
Adding atom HA2 with parameters HA
Adding molecule HA2 with parameters 8
Adding bond CR NA1
Fusing molecule 2 to molecule 1
Lowering indices of molecules 3 to 8
Adding bond CR NA2
Fusing molecule 2 to molecule 1
Lowering indices of molecules 3 to 7
Adding angle NA1 CR NA2
Adding bond CR HAR
Fusing molecule 4 to molecule 1
Lowering indices of molecules 5 to 6
Adding angle NA1 CR HAR
Adding angle NA2 CR HAR
Adding bond NA1 CW1
Fusing molecule 2 to molecule 1
Lowering indices of molecules 3 to 5
Adding angle CR NA1 CW1
Adding dihedral NA2 CR NA1 CW1
Adding dihedral HAR CR NA1 CW1
Adding bond NA2 CW2
Fusing molecule 2 to molecule 1
Lowering indices of molecules 3 to 4
Adding angle CR NA2 CW2
Adding dihedral NA1 CR NA2 CW2
Adding dihedral HAR CR NA2 CW2
Adding bond CW1 CW2
Closing cycle(s) in molecule 1
Adding angle NA1 CW1 CW2
Adding dihedral CR NA1 CW1 CW2
Adding dihedral NA1 CW1 CW2 NA2
Adding angle NA2 CW2 CW1
Adding dihedral CR NA2 CW2 CW1
Adding bond CW1 HA1
Fusing molecule 2 to molecule 1
Lowering indices of molecules 3 to 3
Adding angle NA1 CW1 HA1
Adding dihedral CR NA1 CW1 HA1
Adding angle CW2 CW1 HA1
Adding dihedral NA2 CW2 CW1 HA1
Adding bond CW2 HA2
Fusing molecule 2 to molecule 1
Lowering indices of molecules 3 to 2
Adding angle NA2 CW2 HA2
Adding dihedral CR NA2 CW2 HA2
Adding angle CW1 CW2 HA2
Adding dihedral NA1 CW1 CW2 HA2
Adding dihedral HA1 CW1 CW2 HA2
Adding atom C1M with parameters CT
Adding molecule C1M with parameters 2
Adding atom H1M1 with parameters HC
Adding molecule H1M1 with parameters 3
Adding atom H1M2 with parameters HC
Adding molecule H1M2 with parameters 4
Adding atom H1M3 with parameters HC
Adding molecule H1M3 with parameters 5
Adding bond C1M H1M1
Fusing molecule 3 to molecule 2
Lowering indices of molecules 4 to 5
Adding bond C1M H1M2
Fusing molecule 3 to molecule 2
Lowering indices of molecules 4 to 4
Adding angle H1M1 C1M H1M2
Adding bond C1M H1M3
Fusing molecule 3 to molecule 2
Lowering indices of molecules 4 to 3
Adding angle H1M1 C1M H1M3
Adding angle H1M2 C1M H1M3
Adding atom C1E with parameters CT
Adding molecule C1E with parameters 3
Adding atom H1E.1 with parameters HC
Adding molecule H1E.1 with parameters 4
Adding atom H1E.2 with parameters HC
Adding molecule H1E.2 with parameters 5
Adding atom CEE with parameters CT
Adding molecule CEE with parameters 6
Adding atom HCE.1 with parameters HC
Adding molecule HCE.1 with parameters 7
Adding atom HCE.2 with parameters HC
Adding molecule HCE.2 with parameters 8
Adding atom HCE.3 with parameters HC
Adding molecule HCE.3 with parameters 9
Adding bond C1E H1E.1
Fusing molecule 4 to molecule 3
Lowering indices of molecules 5 to 9
Adding bond C1E H1E.2
Fusing molecule 4 to molecule 3
Lowering indices of molecules 5 to 8
Adding angle H1E.1 C1E H1E.2
Adding bond CEE HCE.1
Fusing molecule 5 to molecule 4
Lowering indices of molecules 6 to 7
Adding bond CEE HCE.2
Fusing molecule 5 to molecule 4
Lowering indices of molecules 6 to 6
Adding angle HCE.1 CEE HCE.2
Adding bond CEE HCE.3
Fusing molecule 5 to molecule 4
Lowering indices of molecules 6 to 5
Adding angle HCE.1 CEE HCE.3
Adding angle HCE.2 CEE HCE.3
Adding bond C1E CEE
Fusing molecule 4 to molecule 3
Lowering indices of molecules 5 to 4
Adding angle H1E.1 C1E CEE
Adding dihedral H1E.1 C1E CEE HCE.1
Adding dihedral H1E.1 C1E CEE HCE.2
Adding dihedral H1E.1 C1E CEE HCE.3
Adding angle H1E.2 C1E CEE
Adding dihedral H1E.2 C1E CEE HCE.1
Adding dihedral H1E.2 C1E CEE HCE.2
Adding dihedral H1E.2 C1E CEE HCE.3
Adding angle HCE.1 CEE C1E
Adding angle HCE.2 CEE C1E
Adding angle HCE.3 CEE C1E
Adding bond NA1 C1M
Fusing molecule 2 to molecule 1
Lowering indices of molecules 3 to 3
Adding angle CR NA1 C1M
Adding dihedral NA2 CR NA1 C1M
Adding dihedral HAR CR NA1 C1M
Adding dihedral CR NA1 C1M H1M1
WARNING: undefined dihedral type for atoms CR NA1 C1M H1M1 ( types CR NA CT HC )
Adding dihedral CR NA1 C1M H1M2
WARNING: undefined dihedral type for atoms CR NA1 C1M H1M2 ( types CR NA CT HC )
Adding dihedral CR NA1 C1M H1M3
WARNING: undefined dihedral type for atoms CR NA1 C1M H1M3 ( types CR NA CT HC )
Adding angle CW1 NA1 C1M
Adding dihedral CW2 CW1 NA1 C1M
Adding dihedral HA1 CW1 NA1 C1M
Adding dihedral CW1 NA1 C1M H1M1
Adding dihedral CW1 NA1 C1M H1M2
Adding dihedral CW1 NA1 C1M H1M3
Adding angle H1M1 C1M NA1
Adding angle H1M2 C1M NA1
Adding angle H1M3 C1M NA1
Adding bond NA2 C1E
Fusing molecule 2 to molecule 1
Lowering indices of molecules 3 to 2
Adding angle CR NA2 C1E
Adding dihedral NA1 CR NA2 C1E
Adding dihedral HAR CR NA2 C1E
Adding dihedral CR NA2 C1E H1E.1
WARNING: undefined dihedral type for atoms CR NA2 C1E H1E.1 ( types CR NA CT HC )
Adding dihedral CR NA2 C1E H1E.2
WARNING: undefined dihedral type for atoms CR NA2 C1E H1E.2 ( types CR NA CT HC )
Adding dihedral CR NA2 C1E CEE
Adding angle CW2 NA2 C1E
Adding dihedral CW1 CW2 NA2 C1E
Adding dihedral HA2 CW2 NA2 C1E
Adding dihedral CW2 NA2 C1E H1E.1
Adding dihedral CW2 NA2 C1E H1E.2
Adding dihedral CW2 NA2 C1E CEE
Adding angle H1E.1 C1E NA2
Adding angle H1E.2 C1E NA2
Adding angle CEE C1E NA2
Adding dihedral HCE.1 CEE C1E NA2
Adding dihedral HCE.2 CEE C1E NA2
Adding dihedral HCE.3 CEE C1E NA2
Adding improper CW1 CR NA1 C1M
Adding improper NA1 NA2 CR HAR
Adding improper CR CW2 NA2 C1E
Adding improper NA2 CW1 CW2 HA2
Adding improper CW2 NA1 CW1 HA1
Reading geometric data...
Number of data to be read: 19
1 : NA1 -0.671445 -1.685473 2.400065
2 : CR 0.464160 -1.076391 2.138062
3 : NA2 1.334283 -1.940910 1.664020
4 : CW1 -0.524634 -3.017027 2.076667
5 : CW2 0.725373 -3.176219 1.617950
6 : HAR 0.653756 -0.024002 2.289493
7 : HA1 -1.275252 -3.787371 2.174350
8 : HA2 1.170978 -4.098907 1.276653
9 : C1M -1.885861 -1.067482 2.940841
10 : H1M1 -2.142852 -1.539274 3.889243
11 : H1M2 -1.712524 -0.003224 3.100249
12 : H1M3 -2.706431 -1.199805 2.235678
13 : C1E 2.711520 -1.650213 1.254299
14 : H1E.1 3.402394 -2.241708 1.855070
15 : H1E.2 2.838815 -1.902239 0.201504
16 : CEE 3.000581 -0.172090 1.459231
17 : HCE.1 4.024584 0.044050 1.154596
18 : HCE.2 2.310581 0.420312 0.858348
19 : HCE.3 2.874160 0.080844 2.511914
Number of provided geometric data: 19
Processing 19 geometric data for molecule 1:
Data provided for atom NA1 : -0.671445 -1.685473 2.400065
Adding coordinate NA1 with parameters -0.67144499999999996 -1.6854730000000000 2.4000650000000001
Data provided for atom CR : 0.464160 -1.076391 2.138062
Adding coordinate CR with parameters 0.46416000000000002 -1.0763910000000001 2.1380620000000001
Data provided for atom NA2 : 1.334283 -1.940910 1.664020
Adding coordinate NA2 with parameters 1.3342830000000001 -1.9409099999999999 1.6640200000000001
Data provided for atom CW1 : -0.524634 -3.017027 2.076667
Adding coordinate CW1 with parameters -0.52463400000000004 -3.0170270000000001 2.0766670000000000
Data provided for atom CW2 : 0.725373 -3.176219 1.617950
Adding coordinate CW2 with parameters 0.72537300000000005 -3.1762190000000001 1.6179500000000000
Data provided for atom HAR : 0.653756 -0.024002 2.289493
Adding coordinate HAR with parameters 0.65375600000000000 -2.4001999999999999E-002 2.2894929999999998
Data provided for atom HA1 : -1.275252 -3.787371 2.174350
Adding coordinate HA1 with parameters -1.2752520000000001 -3.7873709999999998 2.1743500000000000
Data provided for atom HA2 : 1.170978 -4.098907 1.276653
Adding coordinate HA2 with parameters 1.1709780000000001 -4.0989069999999996 1.2766530000000000
Data provided for atom C1M : -1.885861 -1.067482 2.940841
Adding coordinate C1M with parameters -1.8858610000000000 -1.0674820000000000 2.9408409999999998
Data provided for atom H1M1 : -2.142852 -1.539274 3.889243
Adding coordinate H1M1 with parameters -2.1428520000000000 -1.5392740000000000 3.8892430000000000
Data provided for atom H1M2 : -1.712524 -0.003224 3.100249
Adding coordinate H1M2 with parameters -1.7125239999999999 -3.2239999999999999E-003 3.1002489999999998
Data provided for atom H1M3 : -2.706431 -1.199805 2.235678
Adding coordinate H1M3 with parameters -2.7064309999999998 -1.1998050000000000 2.2356780000000001
Data provided for atom C1E : 2.711520 -1.650213 1.254299
Adding coordinate C1E with parameters 2.7115200000000002 -1.6502129999999999 1.2542990000000001
Data provided for atom H1E.1 : 3.402394 -2.241708 1.855070
Adding coordinate H1E.1 with parameters 3.4023940000000001 -2.2417080000000000 1.8550700000000000
Data provided for atom H1E.2 : 2.838815 -1.902239 0.201504
Adding coordinate H1E.2 with parameters 2.8388149999999999 -1.9022390000000000 0.20150399999999999
Data provided for atom CEE : 3.000581 -0.172090 1.459231
Adding coordinate CEE with parameters 3.0005809999999999 -0.17208999999999999 1.4592309999999999
Data provided for atom HCE.1 : 4.024584 0.044050 1.154596
Adding coordinate HCE.1 with parameters 4.0245839999999999 4.4049999999999999E-002 1.1545960000000000
Data provided for atom HCE.2 : 2.310581 0.420312 0.858348
Adding coordinate HCE.2 with parameters 2.3105810000000000 0.42031200000000002 0.85834800000000000
Data provided for atom HCE.3 : 2.874160 0.080844 2.511914
Adding coordinate HCE.3 with parameters 2.8741599999999998 8.0843999999999999E-002 2.5119140000000000
Including file ntf2.mol
Adding atom CF1 with parameters CF
Adding molecule CF1 with parameters 2
Adding atom FB1.1 with parameters FB
Adding molecule FB1.1 with parameters 3
Adding atom FB1.2 with parameters FB
Adding molecule FB1.2 with parameters 4
Adding atom FB1.3 with parameters FB
Adding molecule FB1.3 with parameters 5
Adding atom SB1 with parameters SB
Adding molecule SB1 with parameters 6
Adding atom OB1.1 with parameters OB
Adding molecule OB1.1 with parameters 7
Adding atom OB1.2 with parameters OB
Adding molecule OB1.2 with parameters 8
Adding atom CF2 with parameters CF
Adding molecule CF2 with parameters 9
Adding atom FB2.1 with parameters FB
Adding molecule FB2.1 with parameters 10
Adding atom FB2.2 with parameters FB
Adding molecule FB2.2 with parameters 11
Adding atom FB2.3 with parameters FB
Adding molecule FB2.3 with parameters 12
Adding atom SB2 with parameters SB
Adding molecule SB2 with parameters 13
Adding atom OB2.1 with parameters OB
Adding molecule OB2.1 with parameters 14
Adding atom OB2.2 with parameters OB
Adding molecule OB2.2 with parameters 15
Adding atom NB with parameters NB
Adding molecule NB with parameters 16
Adding bond CF2 FB2.1
Fusing molecule 10 to molecule 9
Lowering indices of molecules 11 to 16
Adding bond CF2 FB2.2
Fusing molecule 10 to molecule 9
Lowering indices of molecules 11 to 15
Adding angle FB2.1 CF2 FB2.2
Adding bond CF2 FB2.3
Fusing molecule 10 to molecule 9
Lowering indices of molecules 11 to 14
Adding angle FB2.1 CF2 FB2.3
Adding angle FB2.2 CF2 FB2.3
Adding bond SB1 OB1.1
Fusing molecule 7 to molecule 6
Lowering indices of molecules 8 to 13
Adding bond SB1 OB1.2
Fusing molecule 7 to molecule 6
Lowering indices of molecules 8 to 12
Adding angle OB1.1 SB1 OB1.2
Adding bond CF1 SB1
Fusing molecule 6 to molecule 2
Lowering indices of molecules 7 to 11
Adding angle OB1.1 SB1 CF1
Adding angle OB1.2 SB1 CF1
Adding bond CF1 FB1.1
Fusing molecule 3 to molecule 2
Lowering indices of molecules 4 to 10
Adding angle SB1 CF1 FB1.1
Adding dihedral OB1.1 SB1 CF1 FB1.1
Adding dihedral OB1.2 SB1 CF1 FB1.1
Adding bond CF1 FB1.2
Fusing molecule 3 to molecule 2
Lowering indices of molecules 4 to 9
Adding angle SB1 CF1 FB1.2
Adding dihedral OB1.1 SB1 CF1 FB1.2
Adding dihedral OB1.2 SB1 CF1 FB1.2
Adding angle FB1.1 CF1 FB1.2
Adding bond CF1 FB1.3
Fusing molecule 3 to molecule 2
Lowering indices of molecules 4 to 8
Adding angle SB1 CF1 FB1.3
Adding dihedral OB1.1 SB1 CF1 FB1.3
Adding dihedral OB1.2 SB1 CF1 FB1.3
Adding angle FB1.1 CF1 FB1.3
Adding angle FB1.2 CF1 FB1.3
Adding bond SB2 OB2.1
Fusing molecule 5 to molecule 4
Lowering indices of molecules 6 to 7
Adding bond SB2 OB2.2
Fusing molecule 5 to molecule 4
Lowering indices of molecules 6 to 6
Adding angle OB2.1 SB2 OB2.2
Adding bond CF2 SB2
Fusing molecule 4 to molecule 3
Lowering indices of molecules 5 to 5
Adding angle FB2.1 CF2 SB2
Adding dihedral FB2.1 CF2 SB2 OB2.1
Adding dihedral FB2.1 CF2 SB2 OB2.2
Adding angle FB2.2 CF2 SB2
Adding dihedral FB2.2 CF2 SB2 OB2.1
Adding dihedral FB2.2 CF2 SB2 OB2.2
Adding angle FB2.3 CF2 SB2
Adding dihedral FB2.3 CF2 SB2 OB2.1
Adding dihedral FB2.3 CF2 SB2 OB2.2
Adding angle OB2.1 SB2 CF2
Adding angle OB2.2 SB2 CF2
Adding bond NB SB1
Fusing molecule 4 to molecule 2
Lowering indices of molecules 5 to 4
Adding angle OB1.1 SB1 NB
Adding angle OB1.2 SB1 NB
Adding angle CF1 SB1 NB
Adding dihedral FB1.1 CF1 SB1 NB
Adding dihedral FB1.2 CF1 SB1 NB
Adding dihedral FB1.3 CF1 SB1 NB
Adding bond NB SB2
Fusing molecule 3 to molecule 2
Lowering indices of molecules 4 to 3
Adding angle OB2.1 SB2 NB
Adding dihedral OB2.1 SB2 NB SB1
Adding angle OB2.2 SB2 NB
Adding dihedral OB2.2 SB2 NB SB1
Adding angle CF2 SB2 NB
Adding dihedral FB2.1 CF2 SB2 NB
Adding dihedral FB2.2 CF2 SB2 NB
Adding dihedral FB2.3 CF2 SB2 NB
Adding dihedral CF2 SB2 NB SB1
Adding angle SB1 NB SB2
Adding dihedral OB1.1 SB1 NB SB2
Adding dihedral OB1.2 SB1 NB SB2
Adding dihedral CF1 SB1 NB SB2
Reading geometric data...
Number of data to be read: 15
1 : CF1 0.000000 0.000000 0.000000
2 : FB1.1 1.332000 0.000000 0.000000
3 : FB1.2 -0.391662 -1.273116 0.000000
4 : FB1.3 -0.391662 0.636558 1.102551
5 : SB1 -0.675147 0.843994 -1.461840
6 : NB -2.352790 0.672003 -1.247519
7 : OB1.1 -0.167006 2.186338 -1.312994
8 : OB1.2 -0.109963 0.086044 -2.551944
9 : SB2 -3.226042 1.853717 -0.392545
10 : OB2.1 -2.247081 2.353584 0.542345
11 : OB2.2 -4.303151 1.089726 0.189179
12 : CF2 -3.713536 3.013510 -1.704929
13 : FB2.1 -4.451047 2.329444 -2.578060
14 : FB2.2 -2.592272 3.472026 -2.258782
15 : FB2.3 -4.412361 3.988641 -1.126149
Number of provided geometric data: 15
Processing 15 geometric data for molecule 2:
Data provided for atom CF1 : 0.000000 0.000000 0.000000
Adding coordinate CF1 with parameters 0.0000000000000000 0.0000000000000000 0.0000000000000000
Data provided for atom FB1.1 : 1.332000 0.000000 0.000000
Adding coordinate FB1.1 with parameters 1.3320000000000001 0.0000000000000000 0.0000000000000000
Data provided for atom FB1.2 : -0.391662 -1.273116 0.000000
Adding coordinate FB1.2 with parameters -0.39166200000000001 -1.2731159999999999 0.0000000000000000
Data provided for atom FB1.3 : -0.391662 0.636558 1.102551
Adding coordinate FB1.3 with parameters -0.39166200000000001 0.63655799999999996 1.1025510000000001
Data provided for atom SB1 : -0.675147 0.843994 -1.461840
Adding coordinate SB1 with parameters -0.67514700000000005 0.84399400000000002 -1.4618400000000000
Data provided for atom NB : -2.352790 0.672003 -1.247519
Adding coordinate NB with parameters -2.3527900000000002 0.67200300000000002 -1.2475190000000000
Data provided for atom OB1.1 : -0.167006 2.186338 -1.312994
Adding coordinate OB1.1 with parameters -0.16700599999999999 2.1863380000000001 -1.3129940000000000
Data provided for atom OB1.2 : -0.109963 0.086044 -2.551944
Adding coordinate OB1.2 with parameters -0.10996300000000001 8.6043999999999995E-002 -2.5519440000000002
Data provided for atom SB2 : -3.226042 1.853717 -0.392545
Adding coordinate SB2 with parameters -3.2260420000000001 1.8537170000000001 -0.39254499999999998
Data provided for atom OB2.1 : -2.247081 2.353584 0.542345
Adding coordinate OB2.1 with parameters -2.2470810000000001 2.3535840000000001 0.54234499999999997
Data provided for atom OB2.2 : -4.303151 1.089726 0.189179
Adding coordinate OB2.2 with parameters -4.3031509999999997 1.0897260000000000 0.18917900000000001
Data provided for atom CF2 : -3.713536 3.013510 -1.704929
Adding coordinate CF2 with parameters -3.7135359999999999 3.0135100000000001 -1.7049289999999999
Data provided for atom FB2.1 : -4.451047 2.329444 -2.578060
Adding coordinate FB2.1 with parameters -4.4510470000000000 2.3294440000000001 -2.5780599999999998
Data provided for atom FB2.2 : -2.592272 3.472026 -2.258782
Adding coordinate FB2.2 with parameters -2.5922719999999999 3.4720260000000001 -2.2587820000000001
Data provided for atom FB2.3 : -4.412361 3.988641 -1.126149
Adding coordinate FB2.3 with parameters -4.4123609999999998 3.9886409999999999 -1.1261490000000001
Adding virtual link CF1 NA1
Fusing molecule 2 to molecule 1
Lowering indices of molecules 3 to 2
Defining box density as 0.05
Setting packmol default diameter to 3.0
Setting packmol seed to 5634
Setting packmol retry parameter to 0.95
Adding packmol option pack with parameters 1 100
Packmol invoked with action <execute>
Box lengths are 66.823624617460851 66.823624617460851 66.823624617460851
Executing Packmol with scaling factor 1.0000000000000000. Please wait...
Deleting coordinate list...
Deleting coordinate NA1
Deleting coordinate CR
Deleting coordinate NA2
Deleting coordinate CW1
Deleting coordinate CW2
Deleting coordinate HAR
Deleting coordinate HA1
Deleting coordinate HA2
Deleting coordinate C1M
Deleting coordinate H1M1
Deleting coordinate H1M2
Deleting coordinate H1M3
Deleting coordinate C1E
Deleting coordinate H1E.1
Deleting coordinate H1E.2
Deleting coordinate CEE
Deleting coordinate HCE.1
Deleting coordinate HCE.2
Deleting coordinate HCE.3
Deleting coordinate CF1
Deleting coordinate FB1.1
Deleting coordinate FB1.2
Deleting coordinate FB1.3
Deleting coordinate SB1
Deleting coordinate NB
Deleting coordinate OB1.1
Deleting coordinate OB1.2
Deleting coordinate SB2
Deleting coordinate OB2.1
Deleting coordinate OB2.2
Deleting coordinate CF2
Deleting coordinate FB2.1
Deleting coordinate FB2.2
Deleting coordinate FB2.3
Packmol converged with scaling factor 1.0000000000000000
Removing virtual link CF1 NA1
Splitting molecule 1 into molecules 1 and 2
Reorganizing coordinates... done.
Writing data to file emim_ntf2.lmp in lmp/models format...
11 atom types
11 bond types
19 angle types
12 dihedral types
2 improper types
3400 atoms
3300 bonds
5800 angles
6000 dihedrals
500 impropers
Writing data to file emim_ntf2.lammpstrj in lammpstrj format...
Writing data to file emim_ntf2.xyz in xyz format...
Writing data in summary format...
--------------------------------------------------------------------------------
SUMMARY
--------------------------------------------------------------------------------
Specified:
   11 atom types.
   11 bond types.
   22 angle types.
   15 dihedral types.
    2 improper types.
   34 atoms.
   33 bonds.
    5 impropers.

Detected:
   58 angles.
   65 dihedrals.
    2 molecules.

Effectively used:
   11 atom types.
   11 bond types.
   19 angle types.
   12 dihedral types.
    2 improper types.

Molecule[1]:
- Amount: 100
- Mass: 111.16799999999994
- Charge: 1.0000000000000000
- Number of atoms: 19
- Atoms: NA1 CR NA2 CW1 CW2 HAR HA1 HA2 C1M H1M1 H1M2 H1M3 C1E H1E.1 H1E.2 CEE
 HCE.1 HCE.2 HCE.3

Molecule[2]:
- Amount: 100
- Mass: 38.028999999999996
- Charge: -1.0000000000000004
- Number of atoms: 15
- Atoms: CF1 FB1.1 FB1.2 FB1.3 SB1 OB1.1 OB1.2 CF2 FB2.1 FB2.2 FB2.3 SB2 OB2.1
 OB2.2 NB

System:
- Molecules: 200
- Total mass: 14919.699999999993
- Box lengths: 66.823624617460837 66.823624617460837 66.823624617460837
- Box density: 5.0000000000000003E-002
- Residual charge: -4.2632564145606011E-014
--------------------------------------------------------------------------------

********** SUMMARY OF WARNINGS **********
undefined dihedral type for atoms CR NA1 C1M H1M1 ( types CR NA CT HC )
undefined dihedral type for atoms CR NA1 C1M H1M2 ( types CR NA CT HC )
undefined dihedral type for atoms CR NA1 C1M H1M3 ( types CR NA CT HC )
undefined dihedral type for atoms CR NA2 C1E H1E.1 ( types CR NA CT HC )
undefined dihedral type for atoms CR NA2 C1E H1E.2 ( types CR NA CT HC )
