Adding variable model with parameters TIP3P
Adding variable density with parameters .7
Adding variable N with parameters 500
Including file TIP3P.mol
Adding variable LJ_H with parameters 0.0000 0.0000
Adding variable LJ_O with parameters 0.1520 3.1507
Adding variable bond_OH_l0 with parameters 0.9572
Adding variable bond_OH with parameters 553.00 0.9572
Adding variable angle_HOH_theta0 with parameters 104.52
Adding variable angle_HOH with parameters 100.00 104.52
Adding variable charge_H with parameters 0.417
Adding variable charge_O with parameters -0.834
Adding atom type HW with parameters 0.0000 0.0000
Adding atom type OW with parameters 0.1520 3.1507
Adding mass HW with parameters 1.008
Adding mass OW with parameters 15.9994
Adding bond type HW OW with parameters 553.00 0.9572
Adding angle type HW OW HW with parameters 100.00 104.52
Adding atom H1 with parameters HW
Adding charge H1 with parameters 0.417
Adding molecule H1 with parameters 1
Adding atom O with parameters OW
Adding charge O with parameters -0.834
Adding molecule O with parameters 2
Adding atom H2 with parameters HW
Adding charge H2 with parameters 0.417
Adding molecule H2 with parameters 3
Adding bond O H1
Fusing molecule 2 to molecule 1
Lowering indices of molecules 3 to 3
Adding bond O H2
Fusing molecule 2 to molecule 1
Lowering indices of molecules 3 to 2
Adding angle H1 O H2
Defining box density as 0.42154979999999997
Reading geometric data...
Number of data to be read: 3
1 : O 0.0 0.0 0.0
2 : H1 O 0.9572
3 : H2 O 0.9572 H1 104.52
Number of provided geometric data: 3
Processing 3 geometric data for molecule 1:
Data provided for atom O : 0.0 0.0 0.0
Adding coordinate O with parameters 0.0000000000000000 0.0000000000000000 0.0000000000000000
Data provided for atom H1 : O 0.9572
Adding coordinate H1 with parameters 0.95720000000000005 0.0000000000000000 0.0000000000000000
Data provided for atom H2 : O 0.9572 H1 104.52
Adding coordinate H2 with parameters -0.23998720840903420 0.92662720648599506 0.0000000000000000
Setting packmol default diameter to 3.0
Setting packmol retry parameter to 0.95
Adding packmol option pack with parameters mol(O) 500
Packmol invoked with action <execute>
Box lengths are 27.749490186961854 27.749490186961854 27.749490186961854
Executing Packmol with scaling factor 1.0000000000000000. Please wait...
Deleting coordinate list...
Deleting coordinate O
Deleting coordinate H1
Deleting coordinate H2
Packmol converged with scaling factor 1.0000000000000000
Writing data to file water_TIP3P.lmp in lmp/models format...
2 atom types
1 bond types
1 angle types
1500 atoms
1000 bonds
500 angles
Writing data to file water_TIP3P.lammpstrj in lammpstrj format...
Writing data to file water_TIP3P.xyz in xyz format...
Writing data in summary format...
--------------------------------------------------------------------------------
SUMMARY
--------------------------------------------------------------------------------
Specified:
    2 atom types.
    1 bond type.
    1 angle type.
    3 atoms.
    2 bonds.

Detected:
    1 angle.
    1 molecule.

Effectively used:
    2 atom types.
    1 bond type.
    1 angle type.

Molecule[1]:
- Amount: 500
- Mass: 18.015400000000000
- Charge: 0.0000000000000000
- Number of atoms: 3
- Atoms: H1 O H2

System:
- Molecules: 500
- Total mass: 9007.7000000000007
- Box lengths: 27.749490186961854 27.749490186961854 27.749490186961854
- Box density: 0.42154979999999997
- Residual charge: 0.0000000000000000
--------------------------------------------------------------------------------
